This is pdfTeX, Version 3.1415926-2.4-1.40.13 (MiKTeX 2.9 64-bit) (preloaded format=pdflatex 2013.10.22)  28 APR 2014 12:17
entering extended mode
**H:/Docs/repository/other/cw_paper/cw*ismir2014/ISMIR2014template.tex
("H:/Docs/repository/other/cw_paper/cw ismir2014/ISMIR2014template.tex"
LaTeX2e <2011/06/27>
Babel <v3.8m> and hyphenation patterns for english, afrikaans, ancientgreek, ar
abic, armenian, assamese, basque, bengali, bokmal, bulgarian, catalan, coptic, 
croatian, czech, danish, dutch, esperanto, estonian, farsi, finnish, french, ga
lician, german, german-x-2012-05-30, greek, gujarati, hindi, hungarian, iceland
ic, indonesian, interlingua, irish, italian, kannada, kurmanji, latin, latvian,
 lithuanian, malayalam, marathi, mongolian, mongolianlmc, monogreek, ngerman, n
german-x-2012-05-30, nynorsk, oriya, panjabi, pinyin, polish, portuguese, roman
ian, russian, sanskrit, serbian, slovak, slovenian, spanish, swedish, swissgerm
an, tamil, telugu, turkish, turkmen, ukenglish, ukrainian, uppersorbian, usengl
ishmax, welsh, loaded.
("C:\Program Files\MiKTeX 2.9\tex\latex\base\article.cls"
Document Class: article 2007/10/19 v1.4h Standard LaTeX document class
("C:\Program Files\MiKTeX 2.9\tex\latex\base\size10.clo"
File: size10.clo 2007/10/19 v1.4h Standard LaTeX file (size option)
)
\c@part=\count79
\c@section=\count80
\c@subsection=\count81
\c@subsubsection=\count82
\c@paragraph=\count83
\c@subparagraph=\count84
\c@figure=\count85
\c@table=\count86
\abovecaptionskip=\skip41
\belowcaptionskip=\skip42
\bibindent=\dimen102
)
("H:\Docs\repository\other\cw_paper\cw ismir2014\ismir2014.sty")
("C:\Program Files\MiKTeX 2.9\tex\latex\amsmath\amsmath.sty"
Package: amsmath 2013/01/14 v2.14 AMS math features
\@mathmargin=\skip43

For additional information on amsmath, use the `?' option.
("C:\Program Files\MiKTeX 2.9\tex\latex\amsmath\amstext.sty"
Package: amstext 2000/06/29 v2.01

("C:\Program Files\MiKTeX 2.9\tex\latex\amsmath\amsgen.sty"
File: amsgen.sty 1999/11/30 v2.0
\@emptytoks=\toks14
\ex@=\dimen103
))
("C:\Program Files\MiKTeX 2.9\tex\latex\amsmath\amsbsy.sty"
Package: amsbsy 1999/11/29 v1.2d
\pmbraise@=\dimen104
)
("C:\Program Files\MiKTeX 2.9\tex\latex\amsmath\amsopn.sty"
Package: amsopn 1999/12/14 v2.01 operator names
)
\inf@bad=\count87
LaTeX Info: Redefining \frac on input line 210.
\uproot@=\count88
\leftroot@=\count89
LaTeX Info: Redefining \overline on input line 306.
\classnum@=\count90
\DOTSCASE@=\count91
LaTeX Info: Redefining \ldots on input line 378.
LaTeX Info: Redefining \dots on input line 381.
LaTeX Info: Redefining \cdots on input line 466.
\Mathstrutbox@=\box26
\strutbox@=\box27
\big@size=\dimen105
LaTeX Font Info:    Redeclaring font encoding OML on input line 566.
LaTeX Font Info:    Redeclaring font encoding OMS on input line 567.
\macc@depth=\count92
\c@MaxMatrixCols=\count93
\dotsspace@=\muskip10
\c@parentequation=\count94
\dspbrk@lvl=\count95
\tag@help=\toks15
\row@=\count96
\column@=\count97
\maxfields@=\count98
\andhelp@=\toks16
\eqnshift@=\dimen106
\alignsep@=\dimen107
\tagshift@=\dimen108
\tagwidth@=\dimen109
\totwidth@=\dimen110
\lineht@=\dimen111
\@envbody=\toks17
\multlinegap=\skip44
\multlinetaggap=\skip45
\mathdisplay@stack=\toks18
LaTeX Info: Redefining \[ on input line 2665.
LaTeX Info: Redefining \] on input line 2666.
)
("H:\Docs\repository\other\cw_paper\cw ismir2014\cite.sty"
LaTeX Info: Redefining \cite on input line 149.
LaTeX Info: Redefining \nocite on input line 214.
Package: cite 2003/11/04  v 4.01
)
("C:\Program Files\MiKTeX 2.9\tex\latex\graphics\graphicx.sty"
Package: graphicx 1999/02/16 v1.0f Enhanced LaTeX Graphics (DPC,SPQR)

("C:\Program Files\MiKTeX 2.9\tex\latex\graphics\keyval.sty"
Package: keyval 1999/03/16 v1.13 key=value parser (DPC)
\KV@toks@=\toks19
)
("C:\Program Files\MiKTeX 2.9\tex\latex\graphics\graphics.sty"
Package: graphics 2009/02/05 v1.0o Standard LaTeX Graphics (DPC,SPQR)

("C:\Program Files\MiKTeX 2.9\tex\latex\graphics\trig.sty"
Package: trig 1999/03/16 v1.09 sin cos tan (DPC)
)
("C:\Program Files\MiKTeX 2.9\tex\latex\00miktex\graphics.cfg"
File: graphics.cfg 2007/01/18 v1.5 graphics configuration of teTeX/TeXLive
)
Package graphics Info: Driver file: pdftex.def on input line 91.

("C:\Program Files\MiKTeX 2.9\tex\latex\pdftex-def\pdftex.def"
File: pdftex.def 2011/05/27 v0.06d Graphics/color for pdfTeX

("C:\Program Files\MiKTeX 2.9\tex\generic\oberdiek\infwarerr.sty"
Package: infwarerr 2010/04/08 v1.3 Providing info/warning/error messages (HO)
)
("C:\Program Files\MiKTeX 2.9\tex\generic\oberdiek\ltxcmds.sty"
Package: ltxcmds 2011/11/09 v1.22 LaTeX kernel commands for general use (HO)
)
\Gread@gobject=\count99
))
\Gin@req@height=\dimen112
\Gin@req@width=\dimen113
)
("C:\Program Files\MiKTeX 2.9\tex\latex\multirow\multirow.sty"
\bigstrutjot=\dimen114
)
(C:\Users\alerch3\AppData\Roaming\MiKTeX\2.9\tex\latex\units\units.sty
Package: units 1998/08/04 v0.9b Typesetting units

("C:\Program Files\MiKTeX 2.9\tex\latex\base\ifthen.sty"
Package: ifthen 2001/05/26 v1.1c Standard LaTeX ifthen package (DPC)
)
(C:\Users\alerch3\AppData\Roaming\MiKTeX\2.9\tex\latex\units\nicefrac.sty
Package: nicefrac 1998/08/04 v0.9b Nice fractions
\L@UnitsRaiseDisplaystyle=\skip46
\L@UnitsRaiseTextstyle=\skip47
\L@UnitsRaiseScriptstyle=\skip48
))
("H:\Docs\repository\other\cw_paper\cw ismir2014\ISMIR2014template.aux")
LaTeX Font Info:    Checking defaults for OML/cmm/m/it on input line 44.
LaTeX Font Info:    ... okay on input line 44.
LaTeX Font Info:    Checking defaults for T1/cmr/m/n on input line 44.
LaTeX Font Info:    ... okay on input line 44.
LaTeX Font Info:    Checking defaults for OT1/cmr/m/n on input line 44.
LaTeX Font Info:    ... okay on input line 44.
LaTeX Font Info:    Checking defaults for OMS/cmsy/m/n on input line 44.
LaTeX Font Info:    ... okay on input line 44.
LaTeX Font Info:    Checking defaults for OMX/cmex/m/n on input line 44.
LaTeX Font Info:    ... okay on input line 44.
LaTeX Font Info:    Checking defaults for U/cmr/m/n on input line 44.
LaTeX Font Info:    ... okay on input line 44.
LaTeX Font Info:    Try loading font information for OT1+ptm on input line 44.

("C:\Program Files\MiKTeX 2.9\tex\latex\psnfss\ot1ptm.fd"
File: ot1ptm.fd 2001/06/04 font definitions for OT1/ptm.
)
(C:\Users\alerch3\AppData\Roaming\MiKTeX\2.9\tex\context\base\supp-pdf.mkii
[Loading MPS to PDF converter (version 2006.09.02).]
\scratchcounter=\count100
\scratchdimen=\dimen115
\scratchbox=\box28
\nofMPsegments=\count101
\nofMParguments=\count102
\everyMPshowfont=\toks20
\MPscratchCnt=\count103
\MPscratchDim=\dimen116
\MPnumerator=\count104
\makeMPintoPDFobject=\count105
\everyMPtoPDFconversion=\toks21
)
LaTeX Font Info:    Font shape `OT1/ptm/bx/n' in size <14.4> not available
(Font)              Font shape `OT1/ptm/b/n' tried instead on input line 46.
LaTeX Font Info:    Font shape `OT1/ptm/bx/n' in size <12> not available
(Font)              Font shape `OT1/ptm/b/n' tried instead on input line 46.
LaTeX Font Info:    Try loading font information for OT1+pcr on input line 46.
 ("C:\Program Files\MiKTeX 2.9\tex\latex\psnfss\ot1pcr.fd"
File: ot1pcr.fd 2001/06/04 font definitions for OT1/pcr.
)
Overfull \hbox (3.99689pt too wide) in paragraph at lines 46--46
 [][] 
 []

LaTeX Font Info:    Try loading font information for OMS+ptm on input line 46.
("C:\Program Files\MiKTeX 2.9\tex\latex\psnfss\omsptm.fd"
File: omsptm.fd 
)
LaTeX Font Info:    Font shape `OMS/ptm/m/n' in size <8> not available
(Font)              Font shape `OMS/cmsy/m/n' tried instead on input line 46.
LaTeX Font Info:    Font shape `OT1/ptm/bx/n' in size <10> not available
(Font)              Font shape `OT1/ptm/b/n' tried instead on input line 48.

Overfull \hbox (11.52454pt too wide) in paragraph at lines 55--56
\OT1/ptm/m/n/10 sively re-searched ar-eas in Mu-sic In-for-ma-tion Re-trieval (
MIR).
 []


Overfull \hbox (15.63507pt too wide) in paragraph at lines 65--66
\OT1/ptm/m/n/10 scrip-tion method of Non-Negative Ma-trix Fac-tor-iza-tion (NMF
)
 []


Overfull \hbox (1.48286pt too wide) in paragraph at lines 70--71
\OT1/ptm/m/n/10 WITHOUT HAV-ING THE PA-PERS I CAN-NOT RE-VIEW
 []


Overfull \hbox (6.76512pt too wide) in paragraph at lines 74--75
\OT1/ptm/m/n/10 sources. By de-com-pos-ing the sig-nal and into dif-fer-ent sou
rce
 []

[1{C:/Users/alerch3/AppData/Local/MiKTeX/2.9/pdftex/config/pdftex.map}



]
Overfull \hbox (1.47499pt too wide) in paragraph at lines 83--84
\OT1/ptm/m/n/10 The ba-sic con-cept of NMF is to ap-prox-i-mate a non-negative
 []


Overfull \hbox (3.72546pt too wide) in paragraph at lines 93--99
\OT1/ptm/m/n/10 how-ever, of-fers some chal-lenges. First, the num-ber of sound

 []


Overfull \hbox (1.90446pt too wide) in paragraph at lines 93--99
\OT1/ptm/m/n/10 be ac-ti-vated at these en-tries si-mul-ta-ne-ously and might c
ause
 []

<factorization.png, id=9, 347.8596pt x 145.0218pt>
File: factorization.png Graphic file (type png)
 <use factorization.png>
Package pdftex.def Info: factorization.png used on input line 103.
(pdftex.def)             Requested size: 233.31259pt x 97.27031pt.

Underfull \hbox (badness 10000) in paragraph at lines 134--135

 []

[2 <H:/Docs/repository/other/cw_paper/cw ismir2014/factorization.png>]
Overfull \hbox (6.09518pt too wide) in paragraph at lines 151--156
\OT1/ptm/m/n/10 con-sist-ing of iso-lated drum sounds (see []). Next,
 []

<flowchart.png, id=20, 392.667pt x 344.487pt>
File: flowchart.png Graphic file (type png)
 <use flowchart.png>
Package pdftex.def Info: flowchart.png used on input line 163.
(pdftex.def)             Requested size: 233.31259pt x 204.68582pt.
 [3 <H:/Docs/repository/other/cw_paper/cw ismir2014/flowchart.png>]
Overfull \hbox (14.33519pt too wide) in paragraph at lines 218--220
[]\OT1/ptm/m/n/10 Second, we in-ves-ti-gate cross-performer val-i-da-tion as sh
own
 []

<cross.png, id=26, 367.6134pt x 176.3388pt>
File: cross.png Graphic file (type png)
 <use cross.png>
Package pdftex.def Info: cross.png used on input line 224.
(pdftex.def)             Requested size: 233.31259pt x 111.91737pt.

<rankTest.png, id=27, 562.1pt x 421.575pt>
File: rankTest.png Graphic file (type png)
 <use rankTest.png>
Package pdftex.def Info: rankTest.png used on input line 259.
(pdftex.def)             Requested size: 233.31259pt x 174.98251pt.

Overfull \hbox (20.2043pt too wide) in paragraph at lines 265--267
\OT1/ptm/m/n/10 (\OT1/ptm/m/it/10 HPF+LPF+BPF\OT1/ptm/m/n/10 ) presents the re-
sults for sig-nals pre-processed
 []

LaTeX Font Info:    Font shape `OMS/ptm/m/n' in size <10> not available
(Font)              Font shape `OMS/cmsy/m/n' tried instead on input line 268.
[4 <H:/Docs/repository/other/cw_paper/cw ismir2014/cross.png> <H:/Docs/reposito
ry/other/cw_paper/cw ismir2014/rankTest.png (PNG copy)>]
Overfull \hbox (12.74529pt too wide) in paragraph at lines 314--315
\OT1/ptm/m/n/10 we con-duct a cross-performer eval-u-a-tion as shown in [].
 []

("H:\Docs\repository\other\cw_paper\cw ismir2014\ISMIR2014template.bbl"
Underfull \hbox (badness 2875) in paragraph at lines 4--9
[]\OT1/ptm/m/n/10 DS Alves, Jouni Paulus, and J Fon-seca.  Drum
 []


Underfull \hbox (badness 10000) in paragraph at lines 4--9
\OT1/ptm/m/n/10 tran-scrip-tion from mul-ti-chan-nel record-ings with
 []


Underfull \hbox (badness 3942) in paragraph at lines 4--9
\OT1/ptm/m/n/10 non-negative ma-trix fac-tor-iza-tion.  \OT1/ptm/m/it/10 17th E
u-ro-pean
 []


Underfull \hbox (badness 5064) in paragraph at lines 4--9
\OT1/ptm/m/it/10 Sig-nal Pro-cess-ing Con-fer-ence (EU-SIPCO 2009)\OT1/ptm/m/n/
10 ,
 []

[5]
Underfull \hbox (badness 1533) in paragraph at lines 65--69
[]\OT1/ptm/m/n/10 Perfecto Her-rera, Alexan-dre Yete-rian, and Fa-bien
 []


Underfull \hbox (badness 1824) in paragraph at lines 117--122
[]\OT1/ptm/m/n/10 Kazuyoshi Yoshii, Masa-taka Goto, Kazunori Ko-
 []

) [6] ("H:\Docs\repository\other\cw_paper\cw ismir2014\ISMIR2014template.aux") 
) 
Here is how much of TeX's memory you used:
 2098 strings out of 493921
 27103 string characters out of 3147275
 91168 words of memory out of 3000000
 5370 multiletter control sequences out of 15000+200000
 19843 words of font info for 45 fonts, out of 3000000 for 9000
 841 hyphenation exceptions out of 8191
 27i,13n,20p,1646b,359s stack positions out of 5000i,500n,10000p,200000b,50000s
{C:/Program Files/MiKTeX 2.9/fonts/enc/dvips/fontname/8r.enc}<C:/Program Files
/MiKTeX 2.9/fonts/type1/public/amsfonts/cm/cmmi10.pfb><C:/Program Files/MiKTeX 
2.9/fonts/type1/public/amsfonts/cm/cmmi7.pfb><C:/Program Files/MiKTeX 2.9/fonts
/type1/public/amsfonts/cm/cmr10.pfb><C:/Program Files/MiKTeX 2.9/fonts/type1/pu
blic/amsfonts/cm/cmr7.pfb><C:/Program Files/MiKTeX 2.9/fonts/type1/public/amsfo
nts/cm/cmsy10.pfb><C:/Program Files/MiKTeX 2.9/fonts/type1/public/amsfonts/cm/c
msy8.pfb><C:/Program Files/MiKTeX 2.9/fonts/type1/urw/courier/ucrr8a.pfb><C:/Pr
ogram Files/MiKTeX 2.9/fonts/type1/urw/times/utmb8a.pfb><C:/Program Files/MiKTe
X 2.9/fonts/type1/urw/times/utmr8a.pfb><C:/Program Files/MiKTeX 2.9/fonts/type1
/urw/times/utmri8a.pfb>
Output written on ISMIR2014template.pdf (6 pages, 241168 bytes).
PDF statistics:
 70 PDF objects out of 1000 (max. 8388607)
 0 named destinations out of 1000 (max. 500000)
 21 words of extra memory for PDF output out of 10000 (max. 10000000)

